<?xml version="1.0" encoding="UTF-8"?>
<Site BuildName="(empty)"
	BuildStamp="20231201-0427-Experimental"
	Name="cse4568"
	Generator="ctest-3.16.3"
	CompilerName="/usr/bin/g++"
	CompilerVersion="9.4.0"
	OSName="Linux"
	Hostname="cse4568"
	OSRelease="5.15.0-89-generic"
	OSVersion="#99~20.04.1-Ubuntu SMP Thu Nov 2 15:16:47 UTC 2023"
	OSPlatform="x86_64"
	Is64Bits="1"
	VendorString="GenuineIntel"
	VendorID="Intel Corporation"
	FamilyID="6"
	ModelID="154"
	ProcessorCacheSize="12288"
	NumberOfLogicalCPU="2"
	NumberOfPhysicalCPU="2"
	TotalVirtualMemory="1162"
	TotalPhysicalMemory="3912"
	LogicalProcessorsPerPhysical="1"
	ProcessorClockFrequency="2496"
	>
	<Testing>
		<StartDateTime>Nov 30 23:27 EST</StartDateTime>
		<StartTestTime>1701404873</StartTestTime>
		<TestList/>
		<EndDateTime>Nov 30 23:27 EST</EndDateTime>
		<EndTestTime>1701404873</EndTestTime>
		<ElapsedMinutes>0</ElapsedMinutes>
	</Testing>
</Site>
